Arguments: 
  C:\Program Files\nodejs\node.exe C:\Users\Dang\AppData\Roaming\npm\node_modules\yarn\bin\yarn.js add expo

PATH: 
  C:\ProgramData\Anaconda3;C:\ProgramData\Anaconda3\Library\mingw-w64\bin;C:\ProgramData\Anaconda3\Library\usr\bin;C:\ProgramData\Anaconda3\Library\bin;C:\ProgramData\Anaconda3\Scripts;C:\ProgramData\Anaconda3\bin;C:\ProgramData\Anaconda3\condabin;C:\Program Files\PowerShell\7;C:\Program Files (x86)\VMware\VMware Workstation\bin;C:\Program Files\Microsoft\jdk-11.0.12.7-hotspot\bin;C:\Windows\system32;C:\Windows;C:\Windows\System32\Wbem;C:\Windows\System32\WindowsPowerShell\v1.0;C:\Windows\System32\OpenSSH;C:\Program Files\dotnet;C:\Program Files\Microsoft SQL Server\Client SDK\ODBC\170\Tools\Binn;C:\Program Files\Microsoft SQL Server\150\Tools\Binn;C:\Program Files (x86)\Microsoft SQL Server\150\Tools\Binn;C:\Program Files\Microsoft SQL Server\150\DTS\Binn;C:\Program Files (x86)\Microsoft SQL Server\150\DTS\Binn;C:\Program Files\Azure Data Studio\bin;C:\Program Files\PowerShell\7;C:\Program Files\Git\cmd;C:\Program Files (x86)\VisualSVN\bin;C:\Program Files (x86)\Microsoft SQL Server\90\Tools\binn;C:\Program Files\Cloudflare\Cloudflare WARP;C:\Program Files\Microsoft\Web Platform Installer;C:\Program Files\TortoiseSVN\bin;C:\Program Files\nodejs;C:\Program Files\MySQL\MySQL Shell 8.0\bin;C:\Users\Dang\AppData\Local\Microsoft\WindowsApps;C:\Users\Dang\AppData\Local\Programs\Microsoft VS Code\bin;C:\Users\Dang\.dotnet\tools;C:\Program Files\Azure Data Studio\bin;C:\Program Files\heroku\bin;C:\Program Files (x86)\Nmap;C:\ProgramData\Anaconda3;C:\ProgramData\Anaconda3\Scripts;C:\ProgramData\Anaconda3\Library\bin;C:\Users\Dang\AppData\Roaming\npm

Yarn version: 
  1.22.19

Node version: 
  14.21.2

Platform: 
  win32 x64

Trace: 
  Error: read ECONNRESET
      at TLSWrap.onStreamRead (internal/stream_base_commons.js:209:20)

npm manifest: 
  {
    "name": "moble_quanlybenhnhantuxa",
    "version": "1.0.0",
    "main": "node_modules/expo/AppEntry.js",
    "scripts": {
      "start": "expo start",
      "android": "expo start --android",
      "ios": "expo start --ios",
      "web": "expo start --web"
    },
    "dependencies": {
      "@react-navigation/native": "^6.1.1",
      "@react-navigation/stack": "^6.3.10",
      "axios": "^1.2.2",
      "expo": "~46.0.13",
      "expo-cli": "^6.1.0",
      "expo-status-bar": "~1.4.0",
      "react": "18.0.0",
      "react-native": "0.69.6",
      "react-native-elements": "^3.4.3",
      "react-native-gesture-handler": "^2.8.0",
      "react-native-safe-area-context": "^4.3.1",
      "react-native-screens": "^3.15.0",
      "react-native-vector-icons": "^9.2.0"
    },
    "devDependencies": {
      "@babel/core": "^7.12.9"
    },
    "private": true
  }

yarn manifest: 
  No manifest

Lockfile: 
  No lockfile
